<?xml version="1.0" encoding="UTF-8"?>
<!-- Generated by org.testng.reporters.JUnitXMLReporter -->
<testsuite ignored="0" hostname="Arun" failures="1" tests="1" name="Test" time="7.18" errors="0" timestamp="2025-05-21T16:17:40 IST">
  <testcase classname="test.TC_003_ContactAdditionTest" name="contactTest" time="2.49">
    <failure type="java.lang.AssertionError" message="New contact not added with the mandatory fields expected [Contact List] but found [Add Contact]">
      <![CDATA[java.lang.AssertionError: New contact not added with the mandatory fields expected [Contact List] but found [Add Contact]
at pages.ContactPage.validateWithMandatoryFields(ContactPage.java:58)
at test.TC_003_ContactAdditionTest.contactTest(TC_003_ContactAdditionTest.java:34)
at java.base/java.util.ArrayList.forEach(ArrayList.java:1597)
... Removed 30 stack frames]]>
    </failure>
  </testcase> <!-- contactTest -->
</testsuite> <!-- Test -->
