<?xml version="1.0" encoding="UTF-8"?>
<testng-results ignored="0" total="8" passed="7" failed="1" skipped="0">
  <reporter-output>
  </reporter-output>
  <suite started-at="2025-05-22T14:30:23 IST" name="Suite" finished-at="2025-05-22T14:31:45 IST" duration-ms="81936">
    <groups>
    </groups>
    <test started-at="2025-05-22T14:30:23 IST" name="Test" finished-at="2025-05-22T14:31:45 IST" duration-ms="81936">
      <class name="test.TC_001_SignupTest">
        <test-method is-config="true" signature="reportInitialization()[pri:0, instance:test.TC_001_SignupTest@5609159b]" started-at="2025-05-22T14:30:23 IST" name="reportInitialization" finished-at="2025-05-22T14:30:23 IST" duration-ms="420" status="PASS">
          <reporter-output>
          </reporter-output>
        </test-method> <!-- reportInitialization -->
        <test-method is-config="true" signature="setup()[pri:0, instance:test.TC_001_SignupTest@5609159b]" started-at="2025-05-22T14:30:23 IST" name="setup" finished-at="2025-05-22T14:30:23 IST" duration-ms="2" status="PASS">
          <reporter-output>
          </reporter-output>
        </test-method> <!-- setup -->
        <test-method is-config="true" signature="testDetails()[pri:0, instance:test.TC_001_SignupTest@5609159b]" started-at="2025-05-22T14:30:23 IST" name="testDetails" finished-at="2025-05-22T14:30:23 IST" duration-ms="7" status="PASS">
          <reporter-output>
          </reporter-output>
        </test-method> <!-- testDetails -->
        <test-method is-config="true" signature="launchBrowser(java.lang.String)[pri:0, instance:test.TC_001_SignupTest@5609159b]" started-at="2025-05-22T14:30:23 IST" name="launchBrowser" finished-at="2025-05-22T14:30:29 IST" duration-ms="5976" status="PASS">
          <params>
            <param index="0">
              <value>
                <![CDATA[https://thinking-tester-contact-list.herokuapp.com/]]>
              </value>
            </param>
          </params>
          <reporter-output>
          </reporter-output>
        </test-method> <!-- launchBrowser -->
        <test-method signature="signupTest()[pri:0, instance:test.TC_001_SignupTest@5609159b]" started-at="2025-05-22T14:30:29 IST" name="signupTest" finished-at="2025-05-22T14:30:31 IST" duration-ms="1776" status="PASS">
          <reporter-output>
          </reporter-output>
        </test-method> <!-- signupTest -->
        <test-method is-config="true" signature="closeBrowser()[pri:0, instance:test.TC_001_SignupTest@5609159b]" started-at="2025-05-22T14:30:31 IST" name="closeBrowser" finished-at="2025-05-22T14:30:32 IST" duration-ms="466" status="PASS">
          <reporter-output>
          </reporter-output>
        </test-method> <!-- closeBrowser -->
        <test-method is-config="true" signature="closeReport()[pri:0, instance:test.TC_001_SignupTest@5609159b]" started-at="2025-05-22T14:31:45 IST" name="closeReport" finished-at="2025-05-22T14:31:47 IST" duration-ms="1349" status="PASS">
          <reporter-output>
          </reporter-output>
        </test-method> <!-- closeReport -->
      </class> <!-- test.TC_001_SignupTest -->
      <class name="test.TC_002_LoginTest">
        <test-method is-config="true" signature="setup()[pri:0, instance:test.TC_002_LoginTest@394a2528]" started-at="2025-05-22T14:30:23 IST" name="setup" finished-at="2025-05-22T14:30:23 IST" duration-ms="0" status="PASS">
          <reporter-output>
          </reporter-output>
        </test-method> <!-- setup -->
        <test-method is-config="true" signature="testDetails()[pri:0, instance:test.TC_002_LoginTest@394a2528]" started-at="2025-05-22T14:30:32 IST" name="testDetails" finished-at="2025-05-22T14:30:32 IST" duration-ms="3" status="PASS">
          <reporter-output>
          </reporter-output>
        </test-method> <!-- testDetails -->
        <test-method is-config="true" signature="launchBrowser(java.lang.String)[pri:0, instance:test.TC_002_LoginTest@394a2528]" started-at="2025-05-22T14:30:35 IST" name="launchBrowser" finished-at="2025-05-22T14:30:38 IST" duration-ms="3350" status="PASS">
          <params>
            <param index="0">
              <value>
                <![CDATA[https://thinking-tester-contact-list.herokuapp.com/]]>
              </value>
            </param>
          </params>
          <reporter-output>
          </reporter-output>
        </test-method> <!-- launchBrowser -->
        <test-method signature="loginTest(java.lang.String,java.lang.String,java.lang.String,java.lang.String)[pri:0, instance:test.TC_002_LoginTest@394a2528]" started-at="2025-05-22T14:30:38 IST" name="loginTest" data-provider="readData" finished-at="2025-05-22T14:30:39 IST" duration-ms="1521" status="PASS">
          <params>
            <param index="0">
              <value>
                <![CDATA[roseqwerty1@gmail.com]]>
              </value>
            </param>
            <param index="1">
              <value>
                <![CDATA[qwerty123]]>
              </value>
            </param>
            <param index="2">
              <value>
                <![CDATA[Valid Credentials]]>
              </value>
            </param>
            <param index="3">
              <value>
                <![CDATA[Contact List]]>
              </value>
            </param>
          </params>
          <reporter-output>
          </reporter-output>
        </test-method> <!-- loginTest -->
        <test-method is-config="true" signature="closeBrowser()[pri:0, instance:test.TC_002_LoginTest@394a2528]" started-at="2025-05-22T14:30:39 IST" name="closeBrowser" finished-at="2025-05-22T14:30:40 IST" duration-ms="485" status="PASS">
          <reporter-output>
          </reporter-output>
        </test-method> <!-- closeBrowser -->
        <test-method is-config="true" signature="launchBrowser(java.lang.String)[pri:0, instance:test.TC_002_LoginTest@394a2528]" started-at="2025-05-22T14:30:40 IST" name="launchBrowser" finished-at="2025-05-22T14:30:44 IST" duration-ms="4439" status="PASS">
          <params>
            <param index="0">
              <value>
                <![CDATA[https://thinking-tester-contact-list.herokuapp.com/]]>
              </value>
            </param>
          </params>
          <reporter-output>
          </reporter-output>
        </test-method> <!-- launchBrowser -->
        <test-method signature="loginTest(java.lang.String,java.lang.String,java.lang.String,java.lang.String)[pri:0, instance:test.TC_002_LoginTest@394a2528]" started-at="2025-05-22T14:30:44 IST" name="loginTest" data-provider="readData" finished-at="2025-05-22T14:30:46 IST" duration-ms="1465" status="PASS">
          <params>
            <param index="0">
              <value>
                <![CDATA[roseqwerty12@gmail.com]]>
              </value>
            </param>
            <param index="1">
              <value>
                <![CDATA[qwerty123]]>
              </value>
            </param>
            <param index="2">
              <value>
                <![CDATA[Invalid Credentials]]>
              </value>
            </param>
            <param index="3">
              <value>
                <![CDATA[Incorrect username or password]]>
              </value>
            </param>
          </params>
          <reporter-output>
          </reporter-output>
        </test-method> <!-- loginTest -->
        <test-method is-config="true" signature="closeBrowser()[pri:0, instance:test.TC_002_LoginTest@394a2528]" started-at="2025-05-22T14:30:46 IST" name="closeBrowser" finished-at="2025-05-22T14:30:46 IST" duration-ms="415" status="PASS">
          <reporter-output>
          </reporter-output>
        </test-method> <!-- closeBrowser -->
        <test-method is-config="true" signature="launchBrowser(java.lang.String)[pri:0, instance:test.TC_002_LoginTest@394a2528]" started-at="2025-05-22T14:30:46 IST" name="launchBrowser" finished-at="2025-05-22T14:30:50 IST" duration-ms="4010" status="PASS">
          <params>
            <param index="0">
              <value>
                <![CDATA[https://thinking-tester-contact-list.herokuapp.com/]]>
              </value>
            </param>
          </params>
          <reporter-output>
          </reporter-output>
        </test-method> <!-- launchBrowser -->
        <test-method signature="loginTest(java.lang.String,java.lang.String,java.lang.String,java.lang.String)[pri:0, instance:test.TC_002_LoginTest@394a2528]" started-at="2025-05-22T14:30:50 IST" name="loginTest" data-provider="readData" finished-at="2025-05-22T14:30:51 IST" duration-ms="1184" status="PASS">
          <params>
            <param index="0">
              <value>
                <![CDATA[roseqwerty1@gmail.com]]>
              </value>
            </param>
            <param index="1">
              <value>
                <![CDATA[qwerty1234]]>
              </value>
            </param>
            <param index="2">
              <value>
                <![CDATA[Invalid Credentials]]>
              </value>
            </param>
            <param index="3">
              <value>
                <![CDATA[Incorrect username or password]]>
              </value>
            </param>
          </params>
          <reporter-output>
          </reporter-output>
        </test-method> <!-- loginTest -->
        <test-method is-config="true" signature="closeBrowser()[pri:0, instance:test.TC_002_LoginTest@394a2528]" started-at="2025-05-22T14:30:51 IST" name="closeBrowser" finished-at="2025-05-22T14:30:52 IST" duration-ms="485" status="PASS">
          <reporter-output>
          </reporter-output>
        </test-method> <!-- closeBrowser -->
        <test-method is-config="true" signature="launchBrowser(java.lang.String)[pri:0, instance:test.TC_002_LoginTest@394a2528]" started-at="2025-05-22T14:30:52 IST" name="launchBrowser" finished-at="2025-05-22T14:30:55 IST" duration-ms="3508" status="PASS">
          <params>
            <param index="0">
              <value>
                <![CDATA[https://thinking-tester-contact-list.herokuapp.com/]]>
              </value>
            </param>
          </params>
          <reporter-output>
          </reporter-output>
        </test-method> <!-- launchBrowser -->
        <test-method signature="loginTest(java.lang.String,java.lang.String,java.lang.String,java.lang.String)[pri:0, instance:test.TC_002_LoginTest@394a2528]" started-at="2025-05-22T14:30:55 IST" name="loginTest" data-provider="readData" finished-at="2025-05-22T14:30:57 IST" duration-ms="1227" status="PASS">
          <params>
            <param index="0">
              <value>
                <![CDATA[roseqwerty12@gmail.com]]>
              </value>
            </param>
            <param index="1">
              <value>
                <![CDATA[qwerty1235]]>
              </value>
            </param>
            <param index="2">
              <value>
                <![CDATA[Invalid Credentials]]>
              </value>
            </param>
            <param index="3">
              <value>
                <![CDATA[Incorrect username or password]]>
              </value>
            </param>
          </params>
          <reporter-output>
          </reporter-output>
        </test-method> <!-- loginTest -->
        <test-method is-config="true" signature="closeBrowser()[pri:0, instance:test.TC_002_LoginTest@394a2528]" started-at="2025-05-22T14:30:57 IST" name="closeBrowser" finished-at="2025-05-22T14:30:57 IST" duration-ms="533" status="PASS">
          <reporter-output>
          </reporter-output>
        </test-method> <!-- closeBrowser -->
      </class> <!-- test.TC_002_LoginTest -->
      <class name="test.TC_007_LogoutTest">
        <test-method is-config="true" signature="setup()[pri:0, instance:test.TC_007_LogoutTest@7c1e2a9e]" started-at="2025-05-22T14:30:23 IST" name="setup" finished-at="2025-05-22T14:30:23 IST" duration-ms="2" status="PASS">
          <reporter-output>
          </reporter-output>
        </test-method> <!-- setup -->
        <test-method is-config="true" signature="testDetails()[pri:0, instance:test.TC_007_LogoutTest@7c1e2a9e]" started-at="2025-05-22T14:31:05 IST" name="testDetails" finished-at="2025-05-22T14:31:05 IST" duration-ms="2" status="PASS">
          <reporter-output>
          </reporter-output>
        </test-method> <!-- testDetails -->
        <test-method is-config="true" signature="launchBrowser(java.lang.String)[pri:0, instance:test.TC_007_LogoutTest@7c1e2a9e]" started-at="2025-05-22T14:31:05 IST" name="launchBrowser" finished-at="2025-05-22T14:31:09 IST" duration-ms="4151" status="PASS">
          <params>
            <param index="0">
              <value>
                <![CDATA[https://thinking-tester-contact-list.herokuapp.com/]]>
              </value>
            </param>
          </params>
          <reporter-output>
          </reporter-output>
        </test-method> <!-- launchBrowser -->
        <test-method signature="LogoutTest()[pri:0, instance:test.TC_007_LogoutTest@7c1e2a9e]" started-at="2025-05-22T14:31:09 IST" name="LogoutTest" finished-at="2025-05-22T14:31:13 IST" duration-ms="3781" status="PASS">
          <reporter-output>
          </reporter-output>
        </test-method> <!-- LogoutTest -->
        <test-method is-config="true" signature="closeBrowser()[pri:0, instance:test.TC_007_LogoutTest@7c1e2a9e]" started-at="2025-05-22T14:31:13 IST" name="closeBrowser" finished-at="2025-05-22T14:31:14 IST" duration-ms="569" status="PASS">
          <reporter-output>
          </reporter-output>
        </test-method> <!-- closeBrowser -->
      </class> <!-- test.TC_007_LogoutTest -->
      <class name="test.TC_006_ContactDeleteTest">
        <test-method is-config="true" signature="setup()[pri:0, instance:test.TC_006_ContactDeleteTest@fa36558]" started-at="2025-05-22T14:30:23 IST" name="setup" finished-at="2025-05-22T14:30:23 IST" duration-ms="0" status="PASS">
          <reporter-output>
          </reporter-output>
        </test-method> <!-- setup -->
        <test-method is-config="true" signature="testDetails()[pri:0, instance:test.TC_006_ContactDeleteTest@fa36558]" started-at="2025-05-22T14:31:14 IST" name="testDetails" finished-at="2025-05-22T14:31:14 IST" duration-ms="1" status="PASS">
          <reporter-output>
          </reporter-output>
        </test-method> <!-- testDetails -->
        <test-method is-config="true" signature="launchBrowser(java.lang.String)[pri:0, instance:test.TC_006_ContactDeleteTest@fa36558]" started-at="2025-05-22T14:31:14 IST" name="launchBrowser" finished-at="2025-05-22T14:31:19 IST" duration-ms="5116" status="PASS">
          <params>
            <param index="0">
              <value>
                <![CDATA[https://thinking-tester-contact-list.herokuapp.com/]]>
              </value>
            </param>
          </params>
          <reporter-output>
          </reporter-output>
        </test-method> <!-- launchBrowser -->
        <test-method signature="ContactDeletionTest()[pri:0, instance:test.TC_006_ContactDeleteTest@fa36558]" started-at="2025-05-22T14:31:19 IST" name="ContactDeletionTest" finished-at="2025-05-22T14:31:45 IST" duration-ms="25806" status="PASS">
          <reporter-output>
          </reporter-output>
        </test-method> <!-- ContactDeletionTest -->
        <test-method is-config="true" signature="closeBrowser()[pri:0, instance:test.TC_006_ContactDeleteTest@fa36558]" started-at="2025-05-22T14:31:45 IST" name="closeBrowser" finished-at="2025-05-22T14:31:45 IST" duration-ms="582" status="PASS">
          <reporter-output>
          </reporter-output>
        </test-method> <!-- closeBrowser -->
      </class> <!-- test.TC_006_ContactDeleteTest -->
      <class name="test.TC_003_ContactAdditionTest">
        <test-method is-config="true" signature="setup()[pri:0, instance:test.TC_003_ContactAdditionTest@6236eb5f]" started-at="2025-05-22T14:30:23 IST" name="setup" finished-at="2025-05-22T14:30:23 IST" duration-ms="1" status="PASS">
          <reporter-output>
          </reporter-output>
        </test-method> <!-- setup -->
        <test-method is-config="true" signature="testDetails()[pri:0, instance:test.TC_003_ContactAdditionTest@6236eb5f]" started-at="2025-05-22T14:30:57 IST" name="testDetails" finished-at="2025-05-22T14:30:57 IST" duration-ms="2" status="PASS">
          <reporter-output>
          </reporter-output>
        </test-method> <!-- testDetails -->
        <test-method is-config="true" signature="launchBrowser(java.lang.String)[pri:0, instance:test.TC_003_ContactAdditionTest@6236eb5f]" started-at="2025-05-22T14:30:57 IST" name="launchBrowser" finished-at="2025-05-22T14:31:02 IST" duration-ms="4400" status="PASS">
          <params>
            <param index="0">
              <value>
                <![CDATA[https://thinking-tester-contact-list.herokuapp.com/]]>
              </value>
            </param>
          </params>
          <reporter-output>
          </reporter-output>
        </test-method> <!-- launchBrowser -->
        <test-method signature="contactTest()[pri:0, instance:test.TC_003_ContactAdditionTest@6236eb5f]" started-at="2025-05-22T14:31:02 IST" name="contactTest" finished-at="2025-05-22T14:31:04 IST" duration-ms="2714" status="FAIL">
          <exception class="java.lang.AssertionError">
            <message>
              <![CDATA[New contact not added with the mandatory fields expected [Contact List] but found [Add Contact]]]>
            </message>
            <full-stacktrace>
              <![CDATA[java.lang.AssertionError: New contact not added with the mandatory fields expected [Contact List] but found [Add Contact]
at org.testng.Assert.fail(Assert.java:111)
at org.testng.Assert.failNotEquals(Assert.java:1590)
at org.testng.Assert.assertEqualsImpl(Assert.java:150)
at org.testng.Assert.assertEquals(Assert.java:132)
at org.testng.Assert.assertEquals(Assert.java:656)
at pages.ContactPage.validateWithMandatoryFields(ContactPage.java:58)
at test.TC_003_ContactAdditionTest.contactTest(TC_003_ContactAdditionTest.java:34)
at java.base/jdk.internal.reflect.DirectMethodHandleAccessor.invoke(DirectMethodHandleAccessor.java:103)
at java.base/java.lang.reflect.Method.invoke(Method.java:580)
at org.testng.internal.invokers.MethodInvocationHelper.invokeMethod(MethodInvocationHelper.java:141)
at org.testng.internal.invokers.TestInvoker.invokeMethod(TestInvoker.java:687)
at org.testng.internal.invokers.TestInvoker.invokeTestMethod(TestInvoker.java:230)
at org.testng.internal.invokers.MethodRunner.runInSequence(MethodRunner.java:63)
at org.testng.internal.invokers.TestInvoker$MethodInvocationAgent.invoke(TestInvoker.java:995)
at org.testng.internal.invokers.TestInvoker.invokeTestMethods(TestInvoker.java:203)
at org.testng.internal.invokers.TestMethodWorker.invokeTestMethods(TestMethodWorker.java:154)
at org.testng.internal.invokers.TestMethodWorker.run(TestMethodWorker.java:134)
at java.base/java.util.ArrayList.forEach(ArrayList.java:1597)
at org.testng.TestRunner.privateRun(TestRunner.java:741)
at org.testng.TestRunner.run(TestRunner.java:616)
at org.testng.SuiteRunner.runTest(SuiteRunner.java:421)
at org.testng.SuiteRunner.runSequentially(SuiteRunner.java:413)
at org.testng.SuiteRunner.privateRun(SuiteRunner.java:373)
at org.testng.SuiteRunner.run(SuiteRunner.java:312)
at org.testng.SuiteRunnerWorker.runSuite(SuiteRunnerWorker.java:52)
at org.testng.SuiteRunnerWorker.run(SuiteRunnerWorker.java:95)
at org.testng.TestNG.runSuitesSequentially(TestNG.java:1274)
at org.testng.TestNG.runSuitesLocally(TestNG.java:1208)
at org.testng.TestNG.runSuites(TestNG.java:1112)
at org.testng.TestNG.run(TestNG.java:1079)
at org.testng.remote.AbstractRemoteTestNG.run(AbstractRemoteTestNG.java:115)
at org.testng.remote.RemoteTestNG.initAndRun(RemoteTestNG.java:293)
at org.testng.remote.RemoteTestNG.main(RemoteTestNG.java:91)
]]>
            </full-stacktrace>
          </exception> <!-- java.lang.AssertionError -->
          <reporter-output>
          </reporter-output>
        </test-method> <!-- contactTest -->
        <test-method is-config="true" signature="closeBrowser()[pri:0, instance:test.TC_003_ContactAdditionTest@6236eb5f]" started-at="2025-05-22T14:31:04 IST" name="closeBrowser" finished-at="2025-05-22T14:31:05 IST" duration-ms="785" status="PASS">
          <reporter-output>
          </reporter-output>
        </test-method> <!-- closeBrowser -->
      </class> <!-- test.TC_003_ContactAdditionTest -->
    </test> <!-- Test -->
  </suite> <!-- Suite -->
</testng-results>
